<?xml version="1.0" encoding="UTF-8"?>
<!-- Generated by org.testng.reporters.JUnitXMLReporter -->
<testsuite ignored="5" hostname="DESKTOP-BG5O88G" failures="0" tests="3" name="Sidharth_Testing_Methods" time="0.045" errors="0" timestamp="2022-01-27T16:11:31 IST">
  <testcase classname="testing.Basics_TestNG" name="add_Test" time="0.007"/>
  <testcase classname="testing.XML_TestNG1" name="behave_Test" time="0.001"/>
  <testcase classname="testing.XML_TestNG2" name="tata" time="0.001"/>
  <testcase classname="testing.Basics_TestNG" name="division" time="0.0">
    <ignored/>
  </testcase> <!-- division -->
  <testcase classname="testing.XML_TestNG2" name="bye" time="0.0">
    <ignored/>
  </testcase> <!-- bye -->
  <testcase classname="testing.Basics_TestNG" name="add_learn" time="0.0">
    <ignored/>
  </testcase> <!-- add_learn -->
  <testcase classname="testing.Basics_TestNG" name="subtract" time="0.0">
    <ignored/>
  </testcase> <!-- subtract -->
  <testcase classname="testing.XML_TestNG1" name="decide" time="0.0">
    <ignored/>
  </testcase> <!-- decide -->
</testsuite> <!-- Sidharth_Testing_Methods -->
