<?xml version="1.0" encoding="UTF-8"?>
<!-- Generated by org.testng.reporters.JUnitXMLReporter -->
<testsuite ignored="0" hostname="DESKTOP-BG5O88G" failures="0" tests="12" name="Sidharth_Testing" time="0.064" errors="0" timestamp="2022-01-27T15:59:30 IST">
  <testcase classname="testing.Basics_TestNG" name="add_Test" time="0.006"/>
  <testcase classname="testing.Basics_TestNG" name="add_learn" time="0.002"/>
  <testcase classname="testing.Basics_TestNG" name="division" time="0.002"/>
  <testcase classname="testing.Basics_TestNG" name="subtract" time="0.001"/>
  <testcase classname="testing.Helper_Attributes" name="A" time="0.001"/>
  <testcase classname="testing.Helper_Attributes" name="LoginPage" time="0.001"/>
  <testcase classname="testing.Helper_Attributes" name="Quit" time="0.001"/>
  <testcase classname="testing.Helper_Attributes" name="getAttributes" time="0.001"/>
  <testcase classname="testing.XML_TestNG1" name="behave_Test" time="0.001"/>
  <testcase classname="testing.XML_TestNG1" name="decide" time="0.001"/>
  <testcase classname="testing.XML_TestNG2" name="bye" time="0.001"/>
  <testcase classname="testing.XML_TestNG2" name="tata" time="0.001"/>
</testsuite> <!-- Sidharth_Testing -->
