<?xml version="1.0" encoding="UTF-8"?>
<testng-results ignored="3" total="6" passed="3" failed="0" skipped="0">
  <reporter-output>
  </reporter-output>
  <suite started-at="2022-01-28T15:03:22 IST" name="Suite" finished-at="2022-01-28T15:03:22 IST" duration-ms="59">
    <groups>
      <group name="Smoke">
        <method signature="XML_TestNG1.behave_Test()[pri:0, instance:testing.XML_TestNG1@47e2e487]" name="behave_Test" class="testing.XML_TestNG1"/>
      </group> <!-- Smoke -->
    </groups>
    <test started-at="2022-01-28T15:03:22 IST" name="Sidharth" finished-at="2022-01-28T15:03:22 IST" duration-ms="59">
      <class name="testing.Basics_TestNG">
        <test-method is-config="true" signature="add_testing()[pri:0, instance:testing.Basics_TestNG@290222c1]" started-at="2022-01-28T15:03:22 IST" name="add_testing" finished-at="2022-01-28T15:03:22 IST" duration-ms="0" status="PASS">
          <reporter-output>
          </reporter-output>
        </test-method> <!-- add_testing -->
        <test-method signature="division()[pri:0, instance:testing.Basics_TestNG@290222c1]" started-at="2022-01-28T15:03:22 IST" name="division" finished-at="2022-01-28T15:03:22 IST" duration-ms="7" status="PASS">
          <reporter-output>
          </reporter-output>
        </test-method> <!-- division -->
        <test-method is-config="true" signature="add_testing()[pri:0, instance:testing.Basics_TestNG@290222c1]" started-at="2022-01-28T15:03:22 IST" name="add_testing" finished-at="2022-01-28T15:03:22 IST" duration-ms="0" status="PASS">
          <reporter-output>
          </reporter-output>
        </test-method> <!-- add_testing -->
        <test-method signature="subtract(java.lang.String,java.lang.String)[pri:0, instance:testing.Basics_TestNG@290222c1]" started-at="2022-01-28T15:03:22 IST" name="subtract" finished-at="2022-01-28T15:03:22 IST" duration-ms="1" status="PASS">
          <params>
            <param index="0">
              <value>
                <![CDATA[https://salesforce.com]]>
              </value>
            </param>
            <param index="1">
              <value>
                <![CDATA[12345]]>
              </value>
            </param>
          </params>
          <reporter-output>
          </reporter-output>
        </test-method> <!-- subtract -->
        <test-method is-config="true" signature="multiply()[pri:0, instance:testing.Basics_TestNG@290222c1]" started-at="2022-01-28T15:03:22 IST" name="multiply" finished-at="2022-01-28T15:03:22 IST" duration-ms="0" status="PASS">
          <reporter-output>
          </reporter-output>
        </test-method> <!-- multiply -->
      </class> <!-- testing.Basics_TestNG -->
      <class name="testing.XML_TestNG1">
        <test-method is-config="true" signature="behave(java.lang.String)[pri:0, instance:testing.XML_TestNG1@47e2e487]" started-at="2022-01-28T15:03:22 IST" name="behave" finished-at="2022-01-28T15:03:22 IST" duration-ms="9" status="PASS">
          <params>
            <param index="0">
              <value>
                <![CDATA[https://salesforce.com]]>
              </value>
            </param>
          </params>
          <reporter-output>
          </reporter-output>
        </test-method> <!-- behave -->
        <test-method signature="behave_Test()[pri:0, instance:testing.XML_TestNG1@47e2e487]" started-at="2022-01-28T15:03:22 IST" name="behave_Test" finished-at="2022-01-28T15:03:22 IST" duration-ms="1" status="PASS">
          <reporter-output>
          </reporter-output>
        </test-method> <!-- behave_Test -->
      </class> <!-- testing.XML_TestNG1 -->
    </test> <!-- Sidharth -->
  </suite> <!-- Suite -->
</testng-results>
